Log-File renpass-Scenario 1004
Started on 2014-11-25 07:44:47
Log-File renpass-Scenario 1004
Started on 2014-11-25 07:50:36
Log-File renpass-Scenario 1004
Started on 2014-11-25 07:55:22
1004
2024
1
13
hour
2010
standard
status_quo_2010
plus_5GW_north_south
germany2_neighbours
NEP_2024_C_plus_neigbours_2012
moderate
status_quo_2012
lifetime_40years
Demand 2.407218 TWh
Residual Load 1.84394554616447 TWh
1
2
3
4
5
6
7
8
9
10
11
12
13
Spil sums up to 12.3734756805934
time_used_sec	part
0	start
0.9	Preparation of Parameters
11.6	Residual Load
0.4	Availability of thermal power plants
4.3	Merit Order
0	Regional Dispatch
36.6	Exchange
1.3	Dispatch tplus
14.5	Pump exchange
1.3	Filling Level tplus
2.3	Results
73.2	total
17.2	total before timeloop
53.7	total timeploop
4.1	per timestep
Log-File renpass-Scenario 1004
Started on 2014-11-25 08:02:26
1004
2024
1
13
hour
2010
standard
status_quo_2010
plus_5GW_north_south
germany2_neighbours
NEP_2024_C_plus_neigbours_2012
moderate
status_quo_2012
lifetime_40years
Demand 2.407218 TWh
Residual Load 1.84394554616447 TWh
1
2
3
4
5
6
7
8
9
10
11
12
13
Spil sums up to 12.3654353902821
time_used_sec	part
0	start
0.9	Preparation of Parameters
12.6	Residual Load
0.5	Availability of thermal power plants
4.4	Merit Order
0.1	Regional Dispatch
37.9	Exchange
1.4	Dispatch tplus
15.2	Pump exchange
1.5	Filling Level tplus
2.4	Results
76.9	total
18.5	total before timeloop
56	total timeploop
4.3	per timestep
Log-File renpass-Scenario 1004
Started on 2014-11-25 08:17:52
1004
2024
1
24
hour
2010
standard
status_quo_2010
plus_5GW_north_south
germany2_neighbours
NEP_2024_C_plus_neigbours_2012
moderate
status_quo_2012
lifetime_40years
Demand 4.733844 TWh
Residual Load 3.90093891336539 TWh
1
2
3
4
5
6
7
8
9
10
11
12
13
14
15
16
17
18
19
20
21
22
23
24
Spil sums up to 16.7301657089993
time_used_sec	part
0	start
0.9	Preparation of Parameters
12.1	Residual Load
0.5	Availability of thermal power plants
7.2	Merit Order
0	Regional Dispatch
64.9	Exchange
2.4	Dispatch tplus
26.6	Pump exchange
2.4	Filling Level tplus
2.4	Results
119.4	total
20.7	total before timeloop
96.3	total timeploop
4	per timestep
Log-File renpass-Scenario 1004
Started on 2014-11-25 09:53:23
