Log-File renpass-Scenario 2011
Started on 2014-11-29 14:07:59
2011
2014
1
2
hour
2010
standard
status_quo_2010
plus_5GW_north_south
germany2
NEP_2024_C
moderate
status_quo_2012
status_quo_2012
Demand 0.090846 TWh
Residual Load 0.0214205218950651 TWh
1
2
Spil sums up to 0
time_used_sec	part
0	start
0.6	Preparation of Parameters
7.8	Residual Load
3	Availability of thermal power plants
0.6	Merit Order
0	Regional Dispatch
14.6	Exchange
0	Dispatch tplus
2.1	Pump exchange
0	Filling Level tplus
1	Results
29.7	total
12	total before timeloop
16.7	total timeploop
8.4	per timestep
