Log-File renpass-Scenario 1005
Started on 2014-11-25 09:07:49
1005
2024
1
168
hour
2010
standard
status_quo_2010
status_quo_2010
germany2
NEP_2024_C
moderate
status_quo_2012
lifetime_40years
Log-File renpass-Scenario 1005
Started on 2014-11-25 09:15:11
1005
2024
1
168
hour
2010
standard
status_quo_2010
status_quo_2012
germany2
NEP_2024_C
moderate
status_quo_2012
lifetime_40years
Demand 9.058638 TWh
Residual Load 5.91250251143349 TWh
1
2
3
4
5
6
7
8
9
10
11
12
13
14
15
16
17
18
19
20
21
22
23
24
25
26
27
28
29
30
31
32
33
34
35
36
37
38
39
40
41
42
43
44
45
46
47
48
49
50
51
52
53
54
55
56
57
58
59
60
61
62
63
64
65
66
67
68
69
70
71
72
73
74
75
76
77
78
79
80
81
82
83
84
85
86
87
88
89
90
91
92
93
94
95
96
97
98
99
100
101
102
103
104
105
106
107
108
109
110
111
112
113
114
115
116
117
118
119
120
121
122
123
124
125
126
127
128
129
130
131
132
133
134
135
136
137
138
139
140
141
142
143
144
145
146
147
148
149
150
151
152
153
154
155
156
157
158
159
160
161
162
163
164
165
166
167
168
Spil sums up to 1.55021124157702
time_used_sec	part
0	start
0.7	Preparation of Parameters
8.8	Residual Load
0.4	Availability of thermal power plants
23.8	Merit Order
0	Regional Dispatch
685.4	Exchange
0	Dispatch tplus
196.3	Pump exchange
0.7	Filling Level tplus
1.5	Results
917.6	total
33.7	total before timeloop
882.4	total timeploop
5.3	per timestep
Log-File renpass-Scenario 1005
Started on 2014-11-25 09:54:32
