Log-File renpass-Scenario 1010
Started on 2014-11-25 11:12:44
1010
2014
1
24
hour
2010
standard
status_quo_2010
plus_5GW_north_south
germany2
NEP_2024_C
moderate
status_quo_2012
lifetime_40years
Demand 1.058136 TWh
Residual Load 0.511366151746748 TWh
1
2
3
4
5
6
7
8
9
10
11
12
13
14
15
16
17
18
19
20
21
22
23
24
Spil sums up to 0.289440054122679
time_used_sec	part
0	start
0.8	Preparation of Parameters
8.9	Residual Load
0.4	Availability of thermal power plants
3.8	Merit Order
0	Regional Dispatch
113.8	Exchange
0	Dispatch tplus
31.4	Pump exchange
0.2	Filling Level tplus
1	Results
160.3	total
13.9	total before timeloop
145.4	total timeploop
6.1	per timestep
