Log-File renpass-Scenario 1008
Started on 2014-11-25 10:41:30
1008
2014
1
168
hour
2010
standard
status_quo_2010
plus_5GW_north_south
germany2
status_quo_2012
moderate
status_quo_2012
status_quo_2012
Demand 9.058638 TWh
Residual Load 8.19410743667514 TWh
1
2
3
4
5
6
7
8
9
10
11
12
13
14
15
16
17
18
19
20
21
22
23
24
25
26
27
28
29
30
31
32
33
34
35
36
37
38
39
40
41
42
43
44
45
46
47
48
49
50
51
52
53
54
55
56
57
58
59
60
61
62
63
64
65
66
67
68
69
70
71
72
73
74
75
76
77
78
79
80
81
82
83
84
85
86
87
88
89
90
91
92
93
94
95
96
97
98
Log-File renpass-Scenario 1008
Started on 2014-11-25 11:07:29
1008
2014
1
24
hour
2010
standard
status_quo_2010
plus_5GW_north_south
germany2
status_quo_2012
moderate
status_quo_2012
lifetime_40years
Demand 1.058136 TWh
Residual Load 0.880596810613401 TWh
1
2
3
4
5
6
7
8
9
10
11
12
13
14
15
16
17
18
19
20
21
22
23
24
Spil sums up to 0.28947969089495
time_used_sec	part
0	start
0.7	Preparation of Parameters
10.1	Residual Load
0.4	Availability of thermal power plants
4.3	Merit Order
0	Regional Dispatch
118.5	Exchange
0	Dispatch tplus
31.4	Pump exchange
0.4	Filling Level tplus
1.1	Results
166.9	total
15.5	total before timeloop
150.3	total timeploop
6.3	per timestep
