Log-File renpass-Scenario 3
Started on 2014-11-16 18:34:43
3
2024
2161
2184
quarter
2010
standard
status_quo_2010
status_quo_2012_distance
germany5_norway
NEP_2034_B
low
plus_hydro_Norway10GW
lifetime_40years
Demand 1.755876875 TWh
Residual Load 0.491871500888044 TWh
1
2
3
4
5
6
7
8
9
10
11
12
13
14
15
16
17
18
19
20
21
22
23
24
25
26
27
28
29
30
31
32
33
34
35
36
37
38
39
40
41
42
43
44
45
46
47
48
49
50
51
52
53
54
55
56
57
58
59
60
61
62
63
64
65
66
67
68
69
70
71
72
73
74
75
76
77
78
79
80
81
82
83
84
85
86
87
88
89
90
91
92
93
94
95
96
Spil sums up to 0.189793066921993
time_used_sec	part
0	start
1.4	Preparation of Parameters
45	Residual Load
0.5	Availability of thermal power plants
31	Merit Order
0.1	Regional Dispatch
414.3	Exchange
1.5	Dispatch tplus
113.5	Pump exchange
10.6	Filling Level tplus
2.6	Results
620.5	total
78	total before timeloop
539.9	total timeploop
5.6	per timestep
