Log-File renpass-Scenario 2
Started on 2014-11-16 17:52:51
2
2050
1
24
hour
2010
standard
status_quo_2010
planned_2015
germany21_all_countries
NEP_2034_B
low
NEP_2023_hydro
status_quo_2012
Demand 5.074148 TWh
Residual Load 4.53800303862309 TWh
1
2
3
4
5
6
7
8
9
10
11
12
13
14
15
16
17
18
19
20
21
22
23
24
Spil sums up to 1.51630076026777
time_used_sec	part
0	start
1.4	Preparation of Parameters
13.7	Residual Load
2.1	Availability of thermal power plants
12.1	Merit Order
2.4	Regional Dispatch
71	Exchange
7.1	Dispatch tplus
26.9	Pump exchange
2.4	Filling Level tplus
2.6	Results
141.7	total
31.7	total before timeloop
107.4	total timeploop
4.5	per timestep
Log-File renpass-Scenario 2
Started on 2014-11-16 18:06:59
2
2050
1
24
hour
2010
standard
status_quo_2010
planned_2015
germany21_all_countries
NEP_2034_B
low
NEP_2023_hydro
status_quo_2012
Demand 5.074148 TWh
Residual Load 4.53800303862309 TWh
1
2
3
4
5
6
7
8
9
10
11
12
13
14
15
16
17
18
19
20
21
22
23
24
Spil sums up to 2.13651499661501
time_used_sec	part
0	start
0.9	Preparation of Parameters
11.7	Residual Load
2.1	Availability of thermal power plants
12.3	Merit Order
2.4	Regional Dispatch
77	Exchange
7.3	Dispatch tplus
30.3	Pump exchange
2.5	Filling Level tplus
2.8	Results
149.3	total
29.4	total before timeloop
117.1	total timeploop
4.9	per timestep
