Log-File renpass-Scenario 2005
Started on 2014-11-29 14:04:59
2005
2024
1
2
hour
2010
standard
status_quo_2010
status_quo_2012
germany2
NEP_2024_C
moderate
status_quo_2012
status_quo_2012
Demand 0.090846 TWh
Residual Load 0.0214205218950651 TWh
1
2
Spil sums up to 0
time_used_sec	part
0	start
0.7	Preparation of Parameters
6.6	Residual Load
2.6	Availability of thermal power plants
0.4	Merit Order
0	Regional Dispatch
12.7	Exchange
0	Dispatch tplus
2.2	Pump exchange
0	Filling Level tplus
1.1	Results
26.3	total
10.3	total before timeloop
14.9	total timeploop
7.4	per timestep
