Log-File renpass-Scenario 2003
Started on 2014-11-29 14:04:02
2003
2024
1
2
hour
2010
standard
status_quo_2010
status_quo_2012
germany2_neighbours
NEP_2024_C_plus_neigbours_2012
moderate
status_quo_2012
status_quo_2012
Demand 0.396691 TWh
Residual Load 0.30295218704616 TWh
1
2
Spil sums up to 0.0105506193140172
time_used_sec	part
0	start
0.8	Preparation of Parameters
11	Residual Load
3.1	Availability of thermal power plants
0.9	Merit Order
0.1	Regional Dispatch
7.6	Exchange
0.2	Dispatch tplus
2.2	Pump exchange
0.2	Filling Level tplus
2.1	Results
28.2	total
15.9	total before timeloop
10.2	total timeploop
5.1	per timestep
