Log-File renpass-Scenario 1
Started on 2014-11-16 17:52:10
1
2014
1
4
hour
2010
standard
status_quo_2010
status_quo_2012
germany2
status_quo_2012
low
status_quo_2012
status_quo_2012_DE_lifetime_40years
Demand 0.179161 TWh
Residual Load 0.139541022128629 TWh
1
2
3
4
Spil sums up to 0.0139082521873206
time_used_sec	part
0	start
1.3	Preparation of Parameters
9.3	Residual Load
0.4	Availability of thermal power plants
0.4	Merit Order
0	Regional Dispatch
13.6	Exchange
0	Dispatch tplus
4	Pump exchange
0	Filling Level tplus
1	Results
30	total
11.4	total before timeloop
17.6	total timeploop
4.4	per timestep
Log-File renpass-Scenario 1
Started on 2014-11-16 18:06:20
1
2014
1
4
hour
2010
standard
status_quo_2010
status_quo_2012
germany2
status_quo_2012
low
status_quo_2012
status_quo_2012_DE_lifetime_40years
Demand 0.179161 TWh
Residual Load 0.139541022128629 TWh
1
2
3
4
Spil sums up to 0.0139082521873206
time_used_sec	part
0	start
0.7	Preparation of Parameters
7.1	Residual Load
0.4	Availability of thermal power plants
0.5	Merit Order
0	Regional Dispatch
14.4	Exchange
0	Dispatch tplus
4.5	Pump exchange
0	Filling Level tplus
1.1	Results
28.7	total
8.7	total before timeloop
18.9	total timeploop
4.7	per timestep
