Log-File renpass-Scenario 1003
Started on 2014-11-25 08:15:42
1003
2024
1
24
hour
2010
standard
status_quo_2010
status_quo_2012
germany2_neighbours
NEP_2024_C_plus_neigbours_2012
moderate
status_quo_2012
lifetime_40years
Demand 4.733844 TWh
Residual Load 3.90093891336539 TWh
1
2
3
4
5
6
7
8
9
10
11
12
13
14
15
16
17
18
19
20
21
22
23
24
Spil sums up to 16.1645506860659
time_used_sec	part
0	start
0.9	Preparation of Parameters
12	Residual Load
0.4	Availability of thermal power plants
7.7	Merit Order
0.5	Regional Dispatch
70.3	Exchange
2.5	Dispatch tplus
28.6	Pump exchange
2.6	Filling Level tplus
2.4	Results
127.9	total
21.5	total before timeloop
104	total timeploop
4.3	per timestep
Log-File renpass-Scenario 1003
Started on 2014-11-25 09:46:19
