Log-File renpass-Scenario 6
Started on 2014-11-29 13:12:08
6
2014
1
744
hour
2010
standard
status_quo_2010
planned_2015
germany_neighbours_no_split
NEP_2024_A
high
plus_hydro_Norway10GW
status_quo_2012
Demand 183.624201 TWh
Residual Load 170.631919645764 TWh
Log-File renpass-Scenario 6
Started on 2014-11-29 13:39:40
6
2014
1
744
hour
2010
standard
status_quo_2010
planned_2015
germany_neighbours_no_split
NEP_2024_A
high
plus_hydro_Norway10GW
status_quo_2012
Demand 183.624201 TWh
Residual Load 170.631919645764 TWh
