Log-File renpass-Scenario 1009
Started on 2014-11-25 11:10:17
1009
2014
1
24
hour
2010
standard
status_quo_2010
status_quo_2012
germany2
NEP_2024_C
moderate
status_quo_2012
lifetime_40years
Demand 1.058136 TWh
Residual Load 0.511366151746748 TWh
1
2
3
4
5
6
7
8
9
10
11
12
13
14
15
16
17
18
19
20
21
22
23
24
Spil sums up to 0.289440054122679
time_used_sec	part
0	start
0.7	Preparation of Parameters
9.8	Residual Load
0.4	Availability of thermal power plants
3.6	Merit Order
0	Regional Dispatch
98.2	Exchange
0	Dispatch tplus
30.5	Pump exchange
0.3	Filling Level tplus
1	Results
144.5	total
14.5	total before timeloop
129	total timeploop
5.4	per timestep
