Log-File renpass-Scenario 2010
Started on 2014-11-29 14:07:29
2010
2014
1
2
hour
2010
standard
status_quo_2010
plus_5GW_north_south
germany2
NEP_2024_C
moderate
status_quo_2012
status_quo_2012
Demand 0.090846 TWh
Residual Load 0.0214205218950651 TWh
1
2
Spil sums up to 0
time_used_sec	part
0	start
0.7	Preparation of Parameters
7.2	Residual Load
3.2	Availability of thermal power plants
0.6	Merit Order
0	Regional Dispatch
15.2	Exchange
0	Dispatch tplus
2	Pump exchange
0	Filling Level tplus
1	Results
29.9	total
11.7	total before timeloop
17.2	total timeploop
8.6	per timestep
